<?xml version="1.0" encoding="UTF-8" ?>
<testsuites>
 <testsuite name="chrome.Test VizFlow Login Functionality" timestamp="2016-02-22T10:34:13" hostname="localhost" time="13.238" errors="0" tests="3" skipped="0" disabled="0" failures="0">
  <testcase classname="chrome.Test VizFlow Login Functionality" name="should not login with invalid credentials |chrome|48.0.2564.109" time="4.99" />
  <testcase classname="chrome.Test VizFlow Login Functionality" name="should not login with blank credentials |chrome|48.0.2564.109" time="4.035" />
  <testcase classname="chrome.Test VizFlow Login Functionality" name="should login with valid credentials |chrome|48.0.2564.109" time="4.212" />
 </testsuite>
</testsuites>